2025-12-15 00:07:04, EXEC, v:1, k:poo@estacionamento, mode:FULL, rate:0, size:4
2025-12-15 00:07:06, MOVE, v:1, k:poo@estacionamento, mode:BACK
2025-12-15 00:07:07, MOVE, v:1, k:poo@estacionamento, mode:PICK
2025-12-15 00:15:37, MOVE, v:1, k:poo@estacionamento, mode:BACK
2025-12-15 00:15:41, MOVE, v:1, k:poo@pagamento, mode:PICK
2025-12-15 00:16:10, EXEC, v:1, k:poo@pagamento, mode:LOCK, rate:0, size:129
2025-12-15 00:16:12, MOVE, v:1, k:poo@pagamento, mode:BACK
2025-12-15 00:16:15, MOVE, v:1, k:poo@estacionamento, mode:PICK
2025-12-15 00:16:29, EXEC, v:1, k:poo@estacionamento, mode:FULL, rate:0, size:16
2025-12-15 00:16:30, MOVE, v:1, k:poo@estacionamento, mode:BACK
2025-12-15 00:16:32, MOVE, v:1, k:poo@estacionamento, mode:PICK
2025-12-15 00:16:34, EXEC, v:1, k:poo@estacionamento, mode:FULL, rate:0
2025-12-15 00:16:39, EXEC, v:1, k:poo@estacionamento, mode:FULL, rate:0
2025-12-15 00:27:38, EXEC, v:1, k:poo@estacionamento, mode:FULL, rate:0, size:21
2025-12-15 00:27:39, MOVE, v:1, k:poo@estacionamento, mode:BACK
2025-12-15 00:27:42, MOVE, v:1, k:poo@estacionamento, mode:PICK
2025-12-15 00:27:44, EXEC, v:1, k:poo@estacionamento, mode:FULL, rate:0
2025-12-15 00:41:36, EXEC, v:1, k:poo@estacionamento, mode:FULL, rate:0, size:25
2025-12-15 00:54:19, EXEC, v:1, k:poo@estacionamento, mode:FULL, rate:0, size:36
2025-12-15 01:00:44, EXEC, v:1, k:poo@estacionamento, mode:FULL, rate:0, size:109
2025-12-15 01:00:45, MOVE, v:1, k:poo@estacionamento, mode:BACK
2025-12-15 01:02:01, SELF, v:1, k:poo@pagamento, rate:100, alone:10, study:180
2025-12-15 01:02:41, SELF, v:1, k:poo@zoo, rate:100, alone:10, study:60
2025-12-15 01:02:46, MOVE, v:1, k:poo@estacionamento, mode:PICK
2025-12-15 01:02:49, EXEC, v:1, k:poo@estacionamento, mode:FULL, rate:0
