2025-12-22 00:15:50, MOVE, v:1, k:poo@shapes, mode:PICK
2025-12-22 00:15:52, EXEC, v:1, k:poo@shapes, mode:FULL, rate:0, size:134
2025-12-22 00:15:55, EXEC, v:1, k:poo@shapes, mode:FULL, rate:0
2025-12-22 00:22:04, EXEC, v:1, k:poo@shapes, mode:FULL, rate:0, size:135
2025-12-22 00:23:39, EXEC, v:1, k:poo@shapes, mode:FULL, rate:0, size:140
2025-12-22 00:37:30, EXEC, v:1, k:poo@shapes, mode:FULL, rate:0, size:156
2025-12-22 00:37:31, EXEC, v:1, k:poo@shapes, mode:FULL, rate:0
2025-12-22 00:37:31, EXEC, v:1, k:poo@shapes, mode:FULL, rate:0
2025-12-22 00:37:31, EXEC, v:1, k:poo@shapes, mode:FULL, rate:0
2025-12-22 00:37:31, EXEC, v:1, k:poo@shapes, mode:FULL, rate:0
2025-12-22 00:37:31, EXEC, v:1, k:poo@shapes, mode:FULL, rate:0
2025-12-22 00:37:31, EXEC, v:1, k:poo@shapes, mode:FULL, rate:0
2025-12-22 00:37:31, EXEC, v:1, k:poo@shapes, mode:FULL, rate:0
2025-12-22 00:37:32, EXEC, v:1, k:poo@shapes, mode:FULL, rate:0
2025-12-22 00:37:32, EXEC, v:1, k:poo@shapes, mode:FULL, rate:0
2025-12-22 00:37:32, EXEC, v:1, k:poo@shapes, mode:FULL, rate:0
2025-12-22 00:37:32, EXEC, v:1, k:poo@shapes, mode:FULL, rate:0
2025-12-22 00:37:40, MOVE, v:1, k:poo@shapes, mode:BACK
2025-12-22 00:37:42, MOVE, v:1, k:poo@shapes, mode:PICK
2025-12-22 00:37:43, EXEC, v:1, k:poo@shapes, mode:FULL, rate:0
2025-12-22 00:37:54, MOVE, v:1, k:poo@shapes, mode:BACK
2025-12-22 00:37:59, MOVE, v:1, k:poo@shapes, mode:PICK
2025-12-22 00:38:02, EXEC, v:1, k:poo@shapes, mode:FULL, rate:0, size:157
2025-12-22 00:38:10, MOVE, v:1, k:poo@shapes, mode:BACK
2025-12-22 00:38:16, MOVE, v:1, k:poo@estacionamento, mode:PICK
2025-12-22 00:38:16, EXEC, v:1, k:poo@estacionamento, mode:FULL, rate:100
2025-12-22 00:38:31, MOVE, v:1, k:poo@estacionamento, mode:BACK
2025-12-22 00:38:50, MOVE, v:1, k:poo@shapes, mode:PICK
2025-12-22 00:38:51, EXEC, v:1, k:poo@shapes, mode:FULL, rate:0
2025-12-22 00:38:52, EXEC, v:1, k:poo@shapes, mode:FULL, rate:0
2025-12-22 00:38:52, EXEC, v:1, k:poo@shapes, mode:FULL, rate:0
2025-12-22 00:38:54, MOVE, v:1, k:poo@shapes, mode:BACK
2025-12-22 00:38:56, MOVE, v:1, k:poo@shapes, mode:PICK
2025-12-22 00:39:00, EXEC, v:1, k:poo@shapes, mode:FULL, rate:0
2025-12-22 00:39:16, EXEC, v:1, k:poo@shapes, mode:FULL, rate:0
2025-12-22 00:41:24, EXEC, v:1, k:poo@shapes, mode:FULL, rate:0, size:167
2025-12-22 00:52:00, EXEC, v:1, k:poo@shapes, mode:FULL, rate:0, size:171
2025-12-22 00:52:00, EXEC, v:1, k:poo@shapes, mode:FULL, rate:0, size:171
2025-12-22 00:52:00, EXEC, v:1, k:poo@shapes, mode:FULL, rate:0, size:171
2025-12-22 00:52:00, EXEC, v:1, k:poo@shapes, mode:FULL, rate:0, size:171
2025-12-22 00:52:01, EXEC, v:1, k:poo@shapes, mode:FULL, rate:0, size:171
2025-12-22 01:10:02, EXEC, v:1, k:poo@shapes, mode:FULL, rate:0, size:204
2025-12-22 01:10:03, EXEC, v:1, k:poo@shapes, mode:FULL, rate:0
2025-12-22 01:10:03, EXEC, v:1, k:poo@shapes, mode:FULL, rate:0
2025-12-22 01:10:03, EXEC, v:1, k:poo@shapes, mode:FULL, rate:0
2025-12-22 01:25:02, EXEC, v:1, k:poo@shapes, mode:FULL, rate:0
2025-12-22 01:25:03, EXEC, v:1, k:poo@shapes, mode:FULL, rate:0
2025-12-22 01:25:03, EXEC, v:1, k:poo@shapes, mode:FULL, rate:0
2025-12-22 01:25:03, EXEC, v:1, k:poo@shapes, mode:FULL, rate:0
2025-12-22 01:25:03, EXEC, v:1, k:poo@shapes, mode:FULL, rate:0
2025-12-22 01:25:03, EXEC, v:1, k:poo@shapes, mode:FULL, rate:0
2025-12-22 01:25:04, EXEC, v:1, k:poo@shapes, mode:FULL, rate:0
2025-12-22 01:25:04, EXEC, v:1, k:poo@shapes, mode:FULL, rate:0
2025-12-22 01:25:08, MOVE, v:1, k:poo@shapes, mode:BACK
2025-12-22 01:25:11, MOVE, v:1, k:poo@shapes, mode:PICK
2025-12-22 01:25:16, EXEC, v:1, k:poo@shapes, mode:FULL, rate:0
2025-12-22 01:25:16, EXEC, v:1, k:poo@shapes, mode:FULL, rate:0
2025-12-22 01:37:48, EXEC, v:1, k:poo@shapes, mode:FULL, rate:0, size:194
2025-12-22 01:37:49, EXEC, v:1, k:poo@shapes, mode:FULL, rate:0
2025-12-22 02:02:50, EXEC, v:1, k:poo@shapes, mode:FULL, rate:0, size:199
2025-12-22 02:03:51, EXEC, v:1, k:poo@shapes, mode:FULL, rate:0, size:173
2025-12-22 02:03:52, EXEC, v:1, k:poo@shapes, mode:FULL, rate:0
2025-12-22 02:03:52, EXEC, v:1, k:poo@shapes, mode:FULL, rate:0
2025-12-22 02:03:52, EXEC, v:1, k:poo@shapes, mode:FULL, rate:0
2025-12-22 02:04:12, EXEC, v:1, k:poo@shapes, mode:FULL, rate:0, size:171
2025-12-22 02:04:13, EXEC, v:1, k:poo@shapes, mode:FULL, rate:0
2025-12-22 02:04:14, EXEC, v:1, k:poo@shapes, mode:FULL, rate:0
2025-12-22 02:04:14, EXEC, v:1, k:poo@shapes, mode:FULL, rate:0
2025-12-22 02:04:14, EXEC, v:1, k:poo@shapes, mode:FULL, rate:0
2025-12-22 02:04:14, EXEC, v:1, k:poo@shapes, mode:FULL, rate:0
2025-12-22 02:04:14, EXEC, v:1, k:poo@shapes, mode:FULL, rate:0
2025-12-22 02:04:17, EXEC, v:1, k:poo@shapes, mode:FULL, rate:0
2025-12-22 02:04:17, EXEC, v:1, k:poo@shapes, mode:FULL, rate:0
2025-12-22 02:04:17, EXEC, v:1, k:poo@shapes, mode:FULL, rate:0
2025-12-22 02:04:17, EXEC, v:1, k:poo@shapes, mode:FULL, rate:0
2025-12-22 02:04:43, EXEC, v:1, k:poo@shapes, mode:FULL, rate:0, size:171
2025-12-22 02:04:44, EXEC, v:1, k:poo@shapes, mode:FULL, rate:0
2025-12-22 02:04:44, EXEC, v:1, k:poo@shapes, mode:FULL, rate:0
2025-12-22 02:04:44, EXEC, v:1, k:poo@shapes, mode:FULL, rate:0
2025-12-22 02:05:29, EXEC, v:1, k:poo@shapes, mode:FULL, rate:0, size:101
2025-12-22 02:05:29, EXEC, v:1, k:poo@shapes, mode:FULL, rate:0, size:101
2025-12-22 02:05:30, EXEC, v:1, k:poo@shapes, mode:FULL, rate:0, size:101
2025-12-22 02:05:30, EXEC, v:1, k:poo@shapes, mode:FULL, rate:0
2025-12-22 02:05:30, EXEC, v:1, k:poo@shapes, mode:FULL, rate:0
2025-12-22 02:05:31, EXEC, v:1, k:poo@shapes, mode:FULL, rate:0
2025-12-22 02:06:21, EXEC, v:1, k:poo@shapes, mode:FULL, rate:0, size:100
2025-12-22 02:06:22, EXEC, v:1, k:poo@shapes, mode:FULL, rate:0
2025-12-22 02:06:22, EXEC, v:1, k:poo@shapes, mode:FULL, rate:0
2025-12-22 02:06:23, EXEC, v:1, k:poo@shapes, mode:FULL, rate:0
2025-12-22 02:06:23, EXEC, v:1, k:poo@shapes, mode:FULL, rate:0
2025-12-22 02:09:19, EXEC, v:1, k:poo@shapes, mode:FULL, rate:0, size:100
