2025-12-14 17:01:57, MOVE, v:1, k:poo@zoo, mode:PICK
2025-12-14 17:05:32, EXEC, v:1, k:poo@zoo, mode:LOCK, rate:0, size:30
2025-12-14 17:05:33, EXEC, v:1, k:poo@zoo, mode:LOCK, rate:0
2025-12-14 17:05:35, MOVE, v:1, k:poo@zoo, mode:BACK
2025-12-14 17:06:03, MOVE, v:1, k:poo@zoo, mode:PICK
2025-12-14 17:26:02, EXEC, v:1, k:poo@zoo, mode:LOCK, rate:0, size:35
2025-12-14 17:26:11, MOVE, v:1, k:poo@zoo, mode:BACK
2025-12-14 18:29:03, MOVE, v:1, k:poo@pagamento, mode:PICK
2025-12-14 18:31:27, MOVE, v:1, k:poo@pagamento, mode:BACK
2025-12-14 18:31:42, MOVE, v:1, k:poo@pagamento, mode:PICK
2025-12-14 18:31:44, MOVE, v:1, k:poo@pagamento, mode:BACK
2025-12-14 18:40:14, MOVE, v:1, k:poo@pagamento, mode:PICK
2025-12-14 18:40:15, EXEC, v:1, k:poo@pagamento, mode:FREE, size:1
2025-12-14 18:40:24, EXEC, v:1, k:poo@pagamento, mode:LOCK, rate:0
2025-12-14 18:40:25, EXEC, v:1, k:poo@pagamento, mode:LOCK, rate:0
2025-12-14 18:46:46, EXEC, v:1, k:poo@pagamento, mode:LOCK, rate:0, size:12
2025-12-14 18:46:47, MOVE, v:1, k:poo@pagamento, mode:BACK
2025-12-14 18:46:48, MOVE, v:1, k:poo@pagamento, mode:PICK
2025-12-14 18:46:51, EXEC, v:1, k:poo@pagamento, mode:LOCK, rate:0
2025-12-14 18:51:29, EXEC, v:1, k:poo@pagamento, mode:LOCK, rate:0, size:18
2025-12-14 22:43:46, MOVE, v:1, k:poo@pagamento, mode:PICK
2025-12-14 22:43:48, EXEC, v:1, k:poo@pagamento, mode:LOCK, rate:0, size:41
2025-12-14 22:43:49, MOVE, v:1, k:poo@pagamento, mode:BACK
2025-12-14 22:43:53, MOVE, v:1, k:poo@pagamento, mode:PICK
2025-12-14 22:50:07, EXEC, v:1, k:poo@pagamento, mode:LOCK, rate:100, size:52
2025-12-14 22:50:09, EXEC, v:1, k:poo@pagamento, mode:LOCK, rate:100
2025-12-14 22:50:10, EXEC, v:1, k:poo@pagamento, mode:LOCK, rate:100
2025-12-14 22:50:11, MOVE, v:1, k:poo@pagamento, mode:BACK
2025-12-14 22:50:13, MOVE, v:1, k:poo@pagamento, mode:PICK
2025-12-14 22:51:09, MOVE, v:1, k:poo@pagamento, mode:BACK
2025-12-14 22:54:45, MOVE, v:1, k:poo@pagamento, mode:PICK
2025-12-14 22:54:50, EXEC, v:1, k:poo@pagamento, mode:FREE
2025-12-14 23:33:56, EXEC, v:1, k:poo@pagamento, mode:LOCK, rate:0, size:88
2025-12-14 23:33:58, EXEC, v:1, k:poo@pagamento, mode:FREE
